<?xml version="1.0" encoding="UTF-8"?>
<!-- Generated by org.testng.reporters.JUnitXMLReporter -->
<testsuite ignored="0" hostname="DESKTOP-6PSOS2L" failures="0" tests="5" name="Test" time="16.16" errors="0" timestamp="2024-05-06T08:54:32 GMT-07:00">
  <testcase classname="tests.FourTest" name="testfour" time="0.018"/>
  <testcase classname="tests.TwoTest" name="testtwo" time="0.01"/>
  <testcase classname="tests.LoginTest" name="login" time="4.844"/>
  <testcase classname="tests.LoginTest" name="login" time="4.761"/>
  <testcase classname="tests.ThreeTest" name="testthree" time="0.001"/>
</testsuite> <!-- Test -->
