<?xml version="1.0" encoding="UTF-8"?>
<!-- Generated by org.testng.reporters.JUnitXMLReporter -->
<testsuite ignored="0" hostname="DESKTOP-6PSOS2L" failures="0" tests="5" name="Test" time="17.916" errors="0" timestamp="2024-05-02T13:07:23 GMT-07:00">
  <testcase classname="tests.FourTest" name="testfour" time="0.006"/>
  <testcase classname="tests.TwoTest" name="testtwo" time="0.001"/>
  <testcase classname="tests.LoginTest" name="login" time="4.812"/>
  <testcase classname="tests.LoginTest" name="login" time="4.599"/>
  <testcase classname="tests.ThreeTest" name="testthree" time="0.0"/>
</testsuite> <!-- Test -->
