-------------------------------------------------------------------------------
Test set: tests.LoginTest
-------------------------------------------------------------------------------
Tests run: 1, Failures: 1, Errors: 0, Skipped: 0, Time elapsed: 5.127 s <<< FAILURE! - in tests.LoginTest
login(tests.LoginTest)  Time elapsed: 4.077 s  <<< FAILURE!
java.lang.NullPointerException: Cannot invoke "java.util.Properties.getProperty(String)" because "this.prop" is null
	at tests.LoginTest.login(LoginTest.java:16)

