<?xml version="1.0" encoding="UTF-8"?>
<testng-results ignored="0" total="5" passed="5" failed="0" skipped="0">
  <reporter-output>
  </reporter-output>
  <suite started-at="2024-05-02T13:07:05 GMT-07:00" name="Suite" finished-at="2024-05-02T13:07:23 GMT-07:00" duration-ms="17916">
    <groups>
    </groups>
    <test started-at="2024-05-02T13:07:05 GMT-07:00" name="Test" finished-at="2024-05-02T13:07:23 GMT-07:00" duration-ms="17916">
      <class name="tests.LoginTest">
        <test-method is-config="true" signature="openApplication()[pri:0, instance:tests.LoginTest@537f60bf]" started-at="2024-05-02T13:07:05 GMT-07:00" name="openApplication" finished-at="2024-05-02T13:07:10 GMT-07:00" duration-ms="5111" status="PASS">
          <reporter-output>
          </reporter-output>
        </test-method> <!-- openApplication -->
        <test-method signature="login(java.lang.String,java.lang.String,java.lang.String)[pri:0, instance:tests.LoginTest@537f60bf]" started-at="2024-05-02T13:07:10 GMT-07:00" name="login" data-provider="getLoginData" finished-at="2024-05-02T13:07:15 GMT-07:00" duration-ms="4812" status="PASS">
          <params>
            <param index="0">
              <value>
                <![CDATA[gargdolly8290@gmail.com]]>
              </value>
            </param>
            <param index="1">
              <value>
                <![CDATA[test@123]]>
              </value>
            </param>
            <param index="2">
              <value>
                <![CDATA[Success]]>
              </value>
            </param>
          </params>
          <reporter-output>
          </reporter-output>
        </test-method> <!-- login -->
        <test-method is-config="true" signature="closure()[pri:0, instance:tests.LoginTest@537f60bf]" started-at="2024-05-02T13:07:15 GMT-07:00" name="closure" finished-at="2024-05-02T13:07:15 GMT-07:00" duration-ms="206" status="PASS">
          <reporter-output>
          </reporter-output>
        </test-method> <!-- closure -->
        <test-method is-config="true" signature="openApplication()[pri:0, instance:tests.LoginTest@537f60bf]" started-at="2024-05-02T13:07:15 GMT-07:00" name="openApplication" finished-at="2024-05-02T13:07:18 GMT-07:00" duration-ms="2949" status="PASS">
          <reporter-output>
          </reporter-output>
        </test-method> <!-- openApplication -->
        <test-method signature="login(java.lang.String,java.lang.String,java.lang.String)[pri:0, instance:tests.LoginTest@537f60bf]" started-at="2024-05-02T13:07:18 GMT-07:00" name="login" data-provider="getLoginData" finished-at="2024-05-02T13:07:22 GMT-07:00" duration-ms="4599" status="PASS">
          <params>
            <param index="0">
              <value>
                <![CDATA[dummy@test.com]]>
              </value>
            </param>
            <param index="1">
              <value>
                <![CDATA[1234]]>
              </value>
            </param>
            <param index="2">
              <value>
                <![CDATA[Failure]]>
              </value>
            </param>
          </params>
          <reporter-output>
          </reporter-output>
        </test-method> <!-- login -->
        <test-method is-config="true" signature="closure()[pri:0, instance:tests.LoginTest@537f60bf]" started-at="2024-05-02T13:07:22 GMT-07:00" name="closure" finished-at="2024-05-02T13:07:23 GMT-07:00" duration-ms="157" status="PASS">
          <reporter-output>
          </reporter-output>
        </test-method> <!-- closure -->
      </class> <!-- tests.LoginTest -->
      <class name="tests.FourTest">
        <test-method signature="testfour()[pri:0, instance:tests.FourTest@4f80542f]" started-at="2024-05-02T13:07:05 GMT-07:00" name="testfour" finished-at="2024-05-02T13:07:05 GMT-07:00" duration-ms="6" status="PASS">
          <reporter-output>
          </reporter-output>
        </test-method> <!-- testfour -->
      </class> <!-- tests.FourTest -->
      <class name="tests.ThreeTest">
        <test-method signature="testthree()[pri:0, instance:tests.ThreeTest@2a265ea9]" started-at="2024-05-02T13:07:23 GMT-07:00" name="testthree" finished-at="2024-05-02T13:07:23 GMT-07:00" duration-ms="0" status="PASS">
          <reporter-output>
          </reporter-output>
        </test-method> <!-- testthree -->
      </class> <!-- tests.ThreeTest -->
      <class name="tests.TwoTest">
        <test-method signature="testtwo()[pri:0, instance:tests.TwoTest@4a883b15]" started-at="2024-05-02T13:07:05 GMT-07:00" name="testtwo" finished-at="2024-05-02T13:07:05 GMT-07:00" duration-ms="1" status="PASS">
          <reporter-output>
          </reporter-output>
        </test-method> <!-- testtwo -->
      </class> <!-- tests.TwoTest -->
    </test> <!-- Test -->
  </suite> <!-- Suite -->
</testng-results>
